[2025-07-14 11:52:57] ERROR: uncaughtException: Interaction has already been acknowledged.
DiscordAPIError[40060]: Interaction has already been acknowledged.
    at handleErrors (/home/runner/workspace/node_modules/@discordjs/rest/dist/index.js:748:13)
    at process.processTicksAndRejections (node:internal/process/task_queues:95:5)
    at async BurstHandler.runRequest (/home/runner/workspace/node_modules/@discordjs/rest/dist/index.js:852:23)
    at async _REST.request (/home/runner/workspace/node_modules/@discordjs/rest/dist/index.js:1293:22)
    at async ChatInputCommandInteraction.reply (/home/runner/workspace/node_modules/discord.js/src/structures/interfaces/InteractionResponses.js:200:22)
    at async handleSlashCommand (/home/runner/workspace/events/interactionCreate.js:102:13)
    at async Object.execute (/home/runner/workspace/events/interactionCreate.js:17:13)
DiscordAPIError[40060]: Interaction has already been acknowledged.
    at handleErrors (/home/runner/workspace/node_modules/@discordjs/rest/dist/index.js:748:13)
    at process.processTicksAndRejections (node:internal/process/task_queues:95:5)
    at async BurstHandler.runRequest (/home/runner/workspace/node_modules/@discordjs/rest/dist/index.js:852:23)
    at async _REST.request (/home/runner/workspace/node_modules/@discordjs/rest/dist/index.js:1293:22)
    at async ChatInputCommandInteraction.reply (/home/runner/workspace/node_modules/discord.js/src/structures/interfaces/InteractionResponses.js:200:22)
    at async handleSlashCommand (/home/runner/workspace/events/interactionCreate.js:102:13)
    at async Object.execute (/home/runner/workspace/events/interactionCreate.js:17:13)
[2025-07-15 05:17:44] ERROR: uncaughtException: Interaction has already been acknowledged.
DiscordAPIError[40060]: Interaction has already been acknowledged.
    at handleErrors (/home/runner/workspace/node_modules/@discordjs/rest/dist/index.js:748:13)
    at process.processTicksAndRejections (node:internal/process/task_queues:95:5)
    at async BurstHandler.runRequest (/home/runner/workspace/node_modules/@discordjs/rest/dist/index.js:852:23)
    at async _REST.request (/home/runner/workspace/node_modules/@discordjs/rest/dist/index.js:1293:22)
    at async StringSelectMenuInteraction.reply (/home/runner/workspace/node_modules/discord.js/src/structures/interfaces/InteractionResponses.js:200:22)
    at async handleSelectMenuInteraction (/home/runner/workspace/events/interactionCreate.js:256:13)
    at async Object.execute (/home/runner/workspace/events/interactionCreate.js:32:13)
DiscordAPIError[40060]: Interaction has already been acknowledged.
    at handleErrors (/home/runner/workspace/node_modules/@discordjs/rest/dist/index.js:748:13)
    at process.processTicksAndRejections (node:internal/process/task_queues:95:5)
    at async BurstHandler.runRequest (/home/runner/workspace/node_modules/@discordjs/rest/dist/index.js:852:23)
    at async _REST.request (/home/runner/workspace/node_modules/@discordjs/rest/dist/index.js:1293:22)
    at async StringSelectMenuInteraction.reply (/home/runner/workspace/node_modules/discord.js/src/structures/interfaces/InteractionResponses.js:200:22)
    at async handleSelectMenuInteraction (/home/runner/workspace/events/interactionCreate.js:256:13)
    at async Object.execute (/home/runner/workspace/events/interactionCreate.js:32:13)
[2025-07-15 05:20:38] ERROR: uncaughtException: Interaction has already been acknowledged.
DiscordAPIError[40060]: Interaction has already been acknowledged.
    at handleErrors (/home/runner/workspace/node_modules/@discordjs/rest/dist/index.js:748:13)
    at process.processTicksAndRejections (node:internal/process/task_queues:95:5)
    at async BurstHandler.runRequest (/home/runner/workspace/node_modules/@discordjs/rest/dist/index.js:852:23)
    at async _REST.request (/home/runner/workspace/node_modules/@discordjs/rest/dist/index.js:1293:22)
    at async StringSelectMenuInteraction.reply (/home/runner/workspace/node_modules/discord.js/src/structures/interfaces/InteractionResponses.js:200:22)
    at async handleSelectMenuInteraction (/home/runner/workspace/events/interactionCreate.js:256:13)
    at async Object.execute (/home/runner/workspace/events/interactionCreate.js:32:13)
DiscordAPIError[40060]: Interaction has already been acknowledged.
    at handleErrors (/home/runner/workspace/node_modules/@discordjs/rest/dist/index.js:748:13)
    at process.processTicksAndRejections (node:internal/process/task_queues:95:5)
    at async BurstHandler.runRequest (/home/runner/workspace/node_modules/@discordjs/rest/dist/index.js:852:23)
    at async _REST.request (/home/runner/workspace/node_modules/@discordjs/rest/dist/index.js:1293:22)
    at async StringSelectMenuInteraction.reply (/home/runner/workspace/node_modules/discord.js/src/structures/interfaces/InteractionResponses.js:200:22)
    at async handleSelectMenuInteraction (/home/runner/workspace/events/interactionCreate.js:256:13)
    at async Object.execute (/home/runner/workspace/events/interactionCreate.js:32:13)
[2025-07-16 11:04:18] ERROR: uncaughtException: Unknown interaction
DiscordAPIError[10062]: Unknown interaction
    at handleErrors (/home/runner/workspace/node_modules/@discordjs/rest/dist/index.js:748:13)
    at process.processTicksAndRejections (node:internal/process/task_queues:95:5)
    at async BurstHandler.runRequest (/home/runner/workspace/node_modules/@discordjs/rest/dist/index.js:852:23)
    at async _REST.request (/home/runner/workspace/node_modules/@discordjs/rest/dist/index.js:1293:22)
    at async ChatInputCommandInteraction.reply (/home/runner/workspace/node_modules/discord.js/src/structures/interfaces/InteractionResponses.js:200:22)
    at async handleSlashCommand (/home/runner/workspace/events/interactionCreate.js:152:13)
    at async Object.execute (/home/runner/workspace/events/interactionCreate.js:23:13)
DiscordAPIError[10062]: Unknown interaction
    at handleErrors (/home/runner/workspace/node_modules/@discordjs/rest/dist/index.js:748:13)
    at process.processTicksAndRejections (node:internal/process/task_queues:95:5)
    at async BurstHandler.runRequest (/home/runner/workspace/node_modules/@discordjs/rest/dist/index.js:852:23)
    at async _REST.request (/home/runner/workspace/node_modules/@discordjs/rest/dist/index.js:1293:22)
    at async ChatInputCommandInteraction.reply (/home/runner/workspace/node_modules/discord.js/src/structures/interfaces/InteractionResponses.js:200:22)
    at async handleSlashCommand (/home/runner/workspace/events/interactionCreate.js:152:13)
    at async Object.execute (/home/runner/workspace/events/interactionCreate.js:23:13)
[2025-07-16 20:20:43] ERROR: uncaughtException: Unknown interaction
DiscordAPIError[10062]: Unknown interaction
    at handleErrors (/home/runner/workspace/node_modules/@discordjs/rest/dist/index.js:748:13)
    at process.processTicksAndRejections (node:internal/process/task_queues:95:5)
    at async BurstHandler.runRequest (/home/runner/workspace/node_modules/@discordjs/rest/dist/index.js:852:23)
    at async _REST.request (/home/runner/workspace/node_modules/@discordjs/rest/dist/index.js:1293:22)
    at async ButtonInteraction.reply (/home/runner/workspace/node_modules/discord.js/src/structures/interfaces/InteractionResponses.js:200:22)
    at async handleButtonInteraction (/home/runner/workspace/events/interactionCreate.js:317:13)
    at async Object.execute (/home/runner/workspace/events/interactionCreate.js:129:13)
DiscordAPIError[10062]: Unknown interaction
    at handleErrors (/home/runner/workspace/node_modules/@discordjs/rest/dist/index.js:748:13)
    at process.processTicksAndRejections (node:internal/process/task_queues:95:5)
    at async BurstHandler.runRequest (/home/runner/workspace/node_modules/@discordjs/rest/dist/index.js:852:23)
    at async _REST.request (/home/runner/workspace/node_modules/@discordjs/rest/dist/index.js:1293:22)
    at async ButtonInteraction.reply (/home/runner/workspace/node_modules/discord.js/src/structures/interfaces/InteractionResponses.js:200:22)
    at async handleButtonInteraction (/home/runner/workspace/events/interactionCreate.js:317:13)
    at async Object.execute (/home/runner/workspace/events/interactionCreate.js:129:13)
[2025-07-17 02:08:04] ERROR: uncaughtException: Unknown interaction
DiscordAPIError[10062]: Unknown interaction
    at handleErrors (/home/runner/workspace/node_modules/@discordjs/rest/dist/index.js:748:13)
    at process.processTicksAndRejections (node:internal/process/task_queues:95:5)
    at async BurstHandler.runRequest (/home/runner/workspace/node_modules/@discordjs/rest/dist/index.js:852:23)
    at async _REST.request (/home/runner/workspace/node_modules/@discordjs/rest/dist/index.js:1293:22)
    at async ButtonInteraction.reply (/home/runner/workspace/node_modules/discord.js/src/structures/interfaces/InteractionResponses.js:200:22)
    at async handleButtonInteraction (/home/runner/workspace/events/interactionCreate.js:341:13)
    at async Object.execute (/home/runner/workspace/events/interactionCreate.js:135:13)
DiscordAPIError[10062]: Unknown interaction
    at handleErrors (/home/runner/workspace/node_modules/@discordjs/rest/dist/index.js:748:13)
    at process.processTicksAndRejections (node:internal/process/task_queues:95:5)
    at async BurstHandler.runRequest (/home/runner/workspace/node_modules/@discordjs/rest/dist/index.js:852:23)
    at async _REST.request (/home/runner/workspace/node_modules/@discordjs/rest/dist/index.js:1293:22)
    at async ButtonInteraction.reply (/home/runner/workspace/node_modules/discord.js/src/structures/interfaces/InteractionResponses.js:200:22)
    at async handleButtonInteraction (/home/runner/workspace/events/interactionCreate.js:341:13)
    at async Object.execute (/home/runner/workspace/events/interactionCreate.js:135:13)
[2025-07-17 05:44:37] ERROR: uncaughtException: configDb.initialize is not a function
[eval]:1
const configDb = require('./utils/configDatabase'); configDb.initialize().then(() => console.log('Config DB initialized')).catch(err => console.error('Error:', err))
                                                             ^

TypeError: configDb.initialize is not a function
    at [eval]:1:62
    at runScriptInThisContext (node:internal/vm:209:10)
    at node:internal/process/execution:118:14
    at [eval]-wrapper:6:24
    at runScript (node:internal/process/execution:101:62)
    at evalScript (node:internal/process/execution:133:3)
    at node:internal/main/eval_string:51:3
[eval]:1
const configDb = require('./utils/configDatabase'); configDb.initialize().then(() => console.log('Config DB initialized')).catch(err => console.error('Error:', err))
                                                             ^

TypeError: configDb.initialize is not a function
    at [eval]:1:62
    at runScriptInThisContext (node:internal/vm:209:10)
    at node:internal/process/execution:118:14
    at [eval]-wrapper:6:24
    at runScript (node:internal/process/execution:101:62)
    at evalScript (node:internal/process/execution:133:3)
    at node:internal/main/eval_string:51:3
[2025-07-17 06:39:06] ERROR: uncaughtException: Interaction has already been acknowledged.
DiscordAPIError[40060]: Interaction has already been acknowledged.
    at handleErrors (/home/runner/workspace/node_modules/@discordjs/rest/dist/index.js:748:13)
    at process.processTicksAndRejections (node:internal/process/task_queues:95:5)
    at async BurstHandler.runRequest (/home/runner/workspace/node_modules/@discordjs/rest/dist/index.js:852:23)
    at async _REST.request (/home/runner/workspace/node_modules/@discordjs/rest/dist/index.js:1293:22)
    at async StringSelectMenuInteraction.reply (/home/runner/workspace/node_modules/discord.js/src/structures/interfaces/InteractionResponses.js:200:22)
    at async handleSelectMenuInteraction (/home/runner/workspace/events/interactionCreate.js:515:13)
    at async Object.execute (/home/runner/workspace/events/interactionCreate.js:130:13)
DiscordAPIError[40060]: Interaction has already been acknowledged.
    at handleErrors (/home/runner/workspace/node_modules/@discordjs/rest/dist/index.js:748:13)
    at process.processTicksAndRejections (node:internal/process/task_queues:95:5)
    at async BurstHandler.runRequest (/home/runner/workspace/node_modules/@discordjs/rest/dist/index.js:852:23)
    at async _REST.request (/home/runner/workspace/node_modules/@discordjs/rest/dist/index.js:1293:22)
    at async StringSelectMenuInteraction.reply (/home/runner/workspace/node_modules/discord.js/src/structures/interfaces/InteractionResponses.js:200:22)
    at async handleSelectMenuInteraction (/home/runner/workspace/events/interactionCreate.js:515:13)
    at async Object.execute (/home/runner/workspace/events/interactionCreate.js:130:13)
