[2025-07-15 16:56:03] ERROR: unhandledRejection: getUserPowerById is not a function
TypeError: getUserPowerById is not a function
    at RichPresenceManager.setIdlePresence (/home/runner/workspace/utils/richPresence.js:301:35)
    at process.processTicksAndRejections (node:internal/process/task_queues:95:5)
    at async Timeout._onTimeout (/home/runner/workspace/events/messageCreate.js:103:21)
TypeError: getUserPowerById is not a function
    at RichPresenceManager.setIdlePresence (/home/runner/workspace/utils/richPresence.js:301:35)
    at process.processTicksAndRejections (node:internal/process/task_queues:95:5)
    at async Timeout._onTimeout (/home/runner/workspace/events/messageCreate.js:103:21)
[2025-07-16 20:25:31] ERROR: unhandledRejection: Cannot read properties of null (reading 'gacha_draws')
TypeError: Cannot read properties of null (reading 'gacha_draws')
    at [eval]:7:46
    at process.processTicksAndRejections (node:internal/process/task_queues:95:5)
TypeError: Cannot read properties of null (reading 'gacha_draws')
    at [eval]:7:46
    at process.processTicksAndRejections (node:internal/process/task_queues:95:5)
[2025-07-17 06:05:00] ERROR: unhandledRejection: Table 'u284410540_aethexiz.cooldowns' doesn't exist
Error: Table 'u284410540_aethexiz.cooldowns' doesn't exist
    at PromisePoolConnection.execute (/home/runner/workspace/node_modules/mysql2/lib/promise/connection.js:47:22)
    at clearCooldowns ([eval]:6:26)
    at process.processTicksAndRejections (node:internal/process/task_queues:95:5)
Error: Table 'u284410540_aethexiz.cooldowns' doesn't exist
    at PromisePoolConnection.execute (/home/runner/workspace/node_modules/mysql2/lib/promise/connection.js:47:22)
    at clearCooldowns ([eval]:6:26)
    at process.processTicksAndRejections (node:internal/process/task_queues:95:5)
[2025-07-17 06:05:13] ERROR: unhandledRejection: Table 'u284410540_aethexiz.user_cooldowns' doesn't exist
Error: Table 'u284410540_aethexiz.user_cooldowns' doesn't exist
    at PromisePoolConnection.execute (/home/runner/workspace/node_modules/mysql2/lib/promise/connection.js:47:22)
    at clearCooldowns ([eval]:6:26)
    at process.processTicksAndRejections (node:internal/process/task_queues:95:5)
Error: Table 'u284410540_aethexiz.user_cooldowns' doesn't exist
    at PromisePoolConnection.execute (/home/runner/workspace/node_modules/mysql2/lib/promise/connection.js:47:22)
    at clearCooldowns ([eval]:6:26)
    at process.processTicksAndRejections (node:internal/process/task_queues:95:5)
